<?xml version="1.0" encoding="UTF-8"?>
<!-- Generated by org.testng.reporters.JUnitReportReporter -->
<testsuite skipped="0" hostname="DESKTOP-TUMKJ8A" name="Testcases.Loginapplication" tests="1" failures="0" timestamp="2020-02-17T17:35:16 IST" time="19.257" errors="0">
  <testcase name="Login" time="19.257" classname="Testcases.Loginapplication"/>
</testsuite> <!-- Testcases.Loginapplication -->
